Using pre-set license
Built from '2022.3/release' branch; Version is '2022.3.20f1 (61c2feb0970d) revision 6406910'; Using compiler version '192829333'; Build Type 'Release'
OS: 'Windows 11  (10.0.22621) 64bit Core' Language: 'en' Physical Memory: 32693 MB
BatchMode: 1, IsHumanControllingUs: 0, StartBugReporterOnCrash: 0, Is64bit: 1, IsPro: 1

COMMAND LINE ARGUMENTS:
C:\Program Files\Unity\Hub\Editor\2022.3.20f1\Editor\Unity.exe
-adb2
-batchMode
-noUpm
-name
AssetImportWorker1
-projectPath
C:/Users/UserK/Desktop/repos/Mascot-Parody-Unity
-logFile
Logs/AssetImportWorker1.log
-srvPort
52321
Successfully changed project path to: C:/Users/UserK/Desktop/repos/Mascot-Parody-Unity
C:/Users/UserK/Desktop/repos/Mascot-Parody-Unity
[UnityMemory] Configuration Parameters - Can be set up in boot.config
    "memorysetup-bucket-allocator-granularity=16"
    "memorysetup-bucket-allocator-bucket-count=8"
    "memorysetup-bucket-allocator-block-size=33554432"
    "memorysetup-bucket-allocator-block-count=8"
    "memorysetup-main-allocator-block-size=16777216"
    "memorysetup-thread-allocator-block-size=16777216"
    "memorysetup-gfx-main-allocator-block-size=16777216"
    "memorysetup-gfx-thread-allocator-block-size=16777216"
    "memorysetup-cache-allocator-block-size=4194304"
    "memorysetup-typetree-allocator-block-size=2097152"
    "memorysetup-profiler-bucket-allocator-granularity=16"
    "memorysetup-profiler-bucket-allocator-bucket-count=8"
    "memorysetup-profiler-bucket-allocator-block-size=33554432"
    "memorysetup-profiler-bucket-allocator-block-count=8"
    "memorysetup-profiler-allocator-block-size=16777216"
    "memorysetup-profiler-editor-allocator-block-size=1048576"
    "memorysetup-temp-allocator-size-main=16777216"
    "memorysetup-job-temp-allocator-block-size=2097152"
    "memorysetup-job-temp-allocator-block-size-background=1048576"
    "memorysetup-job-temp-allocator-reduction-small-platforms=262144"
    "memorysetup-allocator-temp-initial-block-size-main=262144"
    "memorysetup-allocator-temp-initial-block-size-worker=262144"
    "memorysetup-temp-allocator-size-background-worker=32768"
    "memorysetup-temp-allocator-size-job-worker=262144"
    "memorysetup-temp-allocator-size-preload-manager=33554432"
    "memorysetup-temp-allocator-size-nav-mesh-worker=65536"
    "memorysetup-temp-allocator-size-audio-worker=65536"
    "memorysetup-temp-allocator-size-cloud-worker=32768"
    "memorysetup-temp-allocator-size-gi-baking-worker=262144"
    "memorysetup-temp-allocator-size-gfx=262144"
Player connection [34452] Host "[IP] 192.168.1.192 [Port] 0 [Flags] 2 [Guid] 583048092 [EditorId] 583048092 [Version] 1048832 [Id] WindowsEditor(7,DESKTOP-C6UBUL3) [Debug] 1 [PackageName] WindowsEditor [ProjectName] Editor" joined multi-casting on [225.0.0.222:54997]...

Player connection [34452] Host "[IP] 192.168.1.192 [Port] 0 [Flags] 2 [Guid] 583048092 [EditorId] 583048092 [Version] 1048832 [Id] WindowsEditor(7,DESKTOP-C6UBUL3) [Debug] 1 [PackageName] WindowsEditor [ProjectName] Editor" joined alternative multi-casting on [225.0.0.222:34997]...

[Physics::Module] Initialized MultithreadedJobDispatcher with 11 workers.
Refreshing native plugins compatible for Editor in 13.01 ms, found 4 plugins.
Preloading 0 native plugins for Editor in 0.00 ms.
Initialize engine version: 2022.3.20f1 (61c2feb0970d)
[Subsystems] Discovering subsystems at path C:/Program Files/Unity/Hub/Editor/2022.3.20f1/Editor/Data/Resources/UnitySubsystems
[Subsystems] Discovering subsystems at path C:/Users/UserK/Desktop/repos/Mascot-Parody-Unity/Assets
GfxDevice: creating device client; threaded=0; jobified=0
Direct3D:
    Version:  Direct3D 11.0 [level 11.1]
    Renderer: NVIDIA GeForce GTX 1070 (ID=0x1b81)
    Vendor:   NVIDIA
    VRAM:     8088 MB
    Driver:   27.21.14.5671
Initialize mono
Mono path[0] = 'C:/Program Files/Unity/Hub/Editor/2022.3.20f1/Editor/Data/Managed'
Mono path[1] = 'C:/Program Files/Unity/Hub/Editor/2022.3.20f1/Editor/Data/MonoBleedingEdge/lib/mono/unityjit-win32'
Mono config path = 'C:/Program Files/Unity/Hub/Editor/2022.3.20f1/Editor/Data/MonoBleedingEdge/etc'
Using monoOptions --debugger-agent=transport=dt_socket,embedding=1,server=y,suspend=n,address=127.0.0.1:56856
Begin MonoManager ReloadAssembly
Registering precompiled unity dll's ...
Register platform support module: C:/Program Files/Unity/Hub/Editor/2022.3.20f1/Editor/Data/PlaybackEngines/WindowsStandaloneSupport/UnityEditor.WindowsStandalone.Extensions.dll
Register platform support module: C:/Program Files/Unity/Hub/Editor/2022.3.20f1/Editor/Data/PlaybackEngines/MetroSupport/UnityEditor.UWP.Extensions.dll
Registered in 0.010261 seconds.
- Loaded All Assemblies, in  0.521 seconds
Native extension for UWP target not found
Native extension for WindowsStandalone target not found
Mono: successfully reloaded assembly
- Finished resetting the current domain, in  0.289 seconds
Domain Reload Profiling: 808ms
	BeginReloadAssembly (174ms)
		ExecutionOrderSort (0ms)
		DisableScriptedObjects (0ms)
		BackupInstance (0ms)
		ReleaseScriptingObjects (0ms)
		CreateAndSetChildDomain (1ms)
	RebuildCommonClasses (48ms)
	RebuildNativeTypeToScriptingClass (11ms)
	initialDomainReloadingComplete (70ms)
	LoadAllAssembliesAndSetupDomain (214ms)
		LoadAssemblies (177ms)
		RebuildTransferFunctionScriptingTraits (0ms)
		AnalyzeDomain (208ms)
			TypeCache.Refresh (206ms)
				TypeCache.ScanAssembly (183ms)
			ScanForSourceGeneratedMonoScriptInfo (1ms)
			ResolveRequiredComponents (1ms)
	FinalizeReload (289ms)
		ReleaseScriptCaches (0ms)
		RebuildScriptCaches (0ms)
		SetupLoadedEditorAssemblies (222ms)
			LogAssemblyErrors (0ms)
			InitializePlatformSupportModulesInManaged (11ms)
			SetLoadedEditorAssemblies (5ms)
			RefreshPlugins (0ms)
			BeforeProcessingInitializeOnLoad (2ms)
			ProcessInitializeOnLoadAttributes (156ms)
			ProcessInitializeOnLoadMethodAttributes (48ms)
			AfterProcessingInitializeOnLoad (0ms)
			EditorAssembliesLoaded (0ms)
		ExecutionOrderSort2 (0ms)
		AwakeInstancesAfterBackupRestoration (0ms)
========================================================================
Worker process is ready to serve import requests
Begin MonoManager ReloadAssembly
- Loaded All Assemblies, in  1.034 seconds
Refreshing native plugins compatible for Editor in 4.68 ms, found 4 plugins.
Native extension for UWP target not found
Native extension for WindowsStandalone target not found
Package Manager log level set to [2]
[Package Manager] Server::EnsureServerProcessIsRunning -- launch failed, reason: Unity was launched with the -noUpm command-line argument
[Package Manager] UpmClient::Send -- Unable to send message (not connected to UPM process).
[Package Manager] Cannot connect to Unity Package Manager local server
Mono: successfully reloaded assembly
- Finished resetting the current domain, in  0.811 seconds
Domain Reload Profiling: 1840ms
	BeginReloadAssembly (171ms)
		ExecutionOrderSort (0ms)
		DisableScriptedObjects (5ms)
		BackupInstance (0ms)
		ReleaseScriptingObjects (0ms)
		CreateAndSetChildDomain (22ms)
	RebuildCommonClasses (36ms)
	RebuildNativeTypeToScriptingClass (12ms)
	initialDomainReloadingComplete (49ms)
	LoadAllAssembliesAndSetupDomain (759ms)
		LoadAssemblies (514ms)
		RebuildTransferFunctionScriptingTraits (0ms)
		AnalyzeDomain (346ms)
			TypeCache.Refresh (291ms)
				TypeCache.ScanAssembly (265ms)
			ScanForSourceGeneratedMonoScriptInfo (43ms)
			ResolveRequiredComponents (12ms)
	FinalizeReload (812ms)
		ReleaseScriptCaches (0ms)
		RebuildScriptCaches (0ms)
		SetupLoadedEditorAssemblies (610ms)
			LogAssemblyErrors (0ms)
			InitializePlatformSupportModulesInManaged (7ms)
			SetLoadedEditorAssemblies (6ms)
			RefreshPlugins (0ms)
			BeforeProcessingInitializeOnLoad (90ms)
			ProcessInitializeOnLoadAttributes (404ms)
			ProcessInitializeOnLoadMethodAttributes (95ms)
			AfterProcessingInitializeOnLoad (8ms)
			EditorAssembliesLoaded (0ms)
		ExecutionOrderSort2 (0ms)
		AwakeInstancesAfterBackupRestoration (6ms)
Launched and connected shader compiler UnityShaderCompiler.exe after 0.05 seconds
Refreshing native plugins compatible for Editor in 5.88 ms, found 4 plugins.
Preloading 0 native plugins for Editor in 0.00 ms.
Unloading 5768 Unused Serialized files (Serialized files now loaded: 0)
Unloading 85 unused Assets / (350.5 KB). Loaded Objects now: 6227.
Memory consumption went from 223.7 MB to 223.4 MB.
Total: 4.378800 ms (FindLiveObjects: 0.643500 ms CreateObjectMapping: 0.182800 ms MarkObjects: 3.332800 ms  DeleteObjects: 0.218500 ms)

AssetImportParameters requested are different than current active one (requested -> active):
  custom:container-demuxer-ogg: 62fdf1f143b41e24485cea50d1cbac27 -> 
  custom:video-decoder-ogg-theora: a1e56fd34408186e4bbccfd4996cb3dc -> 
  custom:framework-win-MediaFoundation: 216162199b28c13a410421893ffa2e32 -> 
  custom:CustomObjectIndexerAttribute: 62b5816608c3102f162a1797e29626cf -> 
  custom:container-demuxer-webm: 4f35f7cbe854078d1ac9338744f61a02 -> 
  custom:container-muxer-webm: aa71ff27fc2769a1b78a27578f13a17b -> 
  custom:video-decoder-webm-vp8: 9c59270c3fd7afecdb556c50c9e8de78 -> 
  custom:SearchIndexIgnoredProperties: e643bd26f0fe6173181afceb89e7c659 -> 
  custom:AudioImporter_EditorPlatform: d09bf68614088b80899f8185d706f6e7 -> 
  custom:video-encoder-webm-vp8: eb34c28f22e8b96e1ab97ce403110664 -> 
  custom:audio-decoder-ogg-vorbis: bf7c407c2cedff20999df2af8eb42d56 -> 
  custom:audio-encoder-webm-vorbis: bf7c407c2cedff20999df2af8eb42d56 -> 
========================================================================
Received Import Request.
  Time since last request: 175920.599350 seconds.
  path: Assets/TileGrid/Grid.cs
  artifactKey: Guid(722698896c4568745afbf34fd287d8e8) Importer(815301076,1909f56bfc062723c751e8b465ee728b)
Start importing Assets/TileGrid/Grid.cs using Guid(722698896c4568745afbf34fd287d8e8) Importer(815301076,1909f56bfc062723c751e8b465ee728b)  -> (artifact id: '766d9f79aa2d506dd973cd2e7c931cf2') in 0.002447 seconds
Number of updated asset objects reloaded before import = 0
Number of asset objects unloaded after import = 0
========================================================================
Received Prepare
Begin MonoManager ReloadAssembly
- Loaded All Assemblies, in  0.585 seconds
Refreshing native plugins compatible for Editor in 5.61 ms, found 4 plugins.
Native extension for UWP target not found
Native extension for WindowsStandalone target not found
[Package Manager] Server::EnsureServerProcessIsRunning -- launch failed, reason: Unity was launched with the -noUpm command-line argument
[Package Manager] UpmClient::Send -- Unable to send message (not connected to UPM process).
[Package Manager] Cannot connect to Unity Package Manager local server
Mono: successfully reloaded assembly
- Finished resetting the current domain, in  1.302 seconds
Domain Reload Profiling: 1882ms
	BeginReloadAssembly (176ms)
		ExecutionOrderSort (0ms)
		DisableScriptedObjects (13ms)
		BackupInstance (0ms)
		ReleaseScriptingObjects (0ms)
		CreateAndSetChildDomain (38ms)
	RebuildCommonClasses (37ms)
	RebuildNativeTypeToScriptingClass (15ms)
	initialDomainReloadingComplete (33ms)
	LoadAllAssembliesAndSetupDomain (319ms)
		LoadAssemblies (360ms)
		RebuildTransferFunctionScriptingTraits (0ms)
		AnalyzeDomain (52ms)
			TypeCache.Refresh (11ms)
				TypeCache.ScanAssembly (2ms)
			ScanForSourceGeneratedMonoScriptInfo (29ms)
			ResolveRequiredComponents (11ms)
	FinalizeReload (1302ms)
		ReleaseScriptCaches (0ms)
		RebuildScriptCaches (0ms)
		SetupLoadedEditorAssemblies (509ms)
			LogAssemblyErrors (0ms)
			InitializePlatformSupportModulesInManaged (7ms)
			SetLoadedEditorAssemblies (5ms)
			RefreshPlugins (0ms)
			BeforeProcessingInitializeOnLoad (92ms)
			ProcessInitializeOnLoadAttributes (324ms)
			ProcessInitializeOnLoadMethodAttributes (74ms)
			AfterProcessingInitializeOnLoad (7ms)
			EditorAssembliesLoaded (0ms)
		ExecutionOrderSort2 (0ms)
		AwakeInstancesAfterBackupRestoration (13ms)
Refreshing native plugins compatible for Editor in 4.57 ms, found 4 plugins.
Preloading 0 native plugins for Editor in 0.00 ms.
Unloading 5615 Unused Serialized files (Serialized files now loaded: 0)
Unloading 48 unused Assets / (320.6 KB). Loaded Objects now: 6233.
Memory consumption went from 199.0 MB to 198.7 MB.
Total: 3.623500 ms (FindLiveObjects: 0.484800 ms CreateObjectMapping: 0.169700 ms MarkObjects: 2.841100 ms  DeleteObjects: 0.126500 ms)

Prepare: number of updated asset objects reloaded= 0
AssetImportParameters requested are different than current active one (requested -> active):
  custom:container-demuxer-ogg: 62fdf1f143b41e24485cea50d1cbac27 -> 
  custom:video-decoder-ogg-theora: a1e56fd34408186e4bbccfd4996cb3dc -> 
  custom:framework-win-MediaFoundation: 216162199b28c13a410421893ffa2e32 -> 
  custom:CustomObjectIndexerAttribute: 62b5816608c3102f162a1797e29626cf -> 
  custom:container-demuxer-webm: 4f35f7cbe854078d1ac9338744f61a02 -> 
  custom:container-muxer-webm: aa71ff27fc2769a1b78a27578f13a17b -> 
  custom:video-decoder-webm-vp8: 9c59270c3fd7afecdb556c50c9e8de78 -> 
  custom:SearchIndexIgnoredProperties: e643bd26f0fe6173181afceb89e7c659 -> 
  custom:AudioImporter_EditorPlatform: d09bf68614088b80899f8185d706f6e7 -> 
  custom:video-encoder-webm-vp8: eb34c28f22e8b96e1ab97ce403110664 -> 
  custom:audio-decoder-ogg-vorbis: bf7c407c2cedff20999df2af8eb42d56 -> 
  custom:audio-encoder-webm-vorbis: bf7c407c2cedff20999df2af8eb42d56 -> 
========================================================================
Received Import Request.
  Time since last request: 106.368996 seconds.
  path: Assets/TileGrid/GridArt_1.asset
  artifactKey: Guid(d391ba2d09841974d86d4e6bfb1a1fcd) Importer(815301076,1909f56bfc062723c751e8b465ee728b)
Start importing Assets/TileGrid/GridArt_1.asset using Guid(d391ba2d09841974d86d4e6bfb1a1fcd) Importer(815301076,1909f56bfc062723c751e8b465ee728b)  -> (artifact id: '65ba4f9770c594229146a1c6746f57c1') in 0.135764 seconds
Number of updated asset objects reloaded before import = 0
Number of asset objects unloaded after import = 3
========================================================================
Received Import Request.
  Time since last request: 0.000021 seconds.
  path: Assets/TileGrid/GridArt_6.asset
  artifactKey: Guid(44ca6d68727aebb4698ccda5aea561e2) Importer(815301076,1909f56bfc062723c751e8b465ee728b)
Start importing Assets/TileGrid/GridArt_6.asset using Guid(44ca6d68727aebb4698ccda5aea561e2) Importer(815301076,1909f56bfc062723c751e8b465ee728b)  -> (artifact id: 'b6ca34815a255068743e049161e57996') in 0.013031 seconds
Number of updated asset objects reloaded before import = 0
Number of asset objects unloaded after import = 3
========================================================================
Received Import Request.
  Time since last request: 0.000023 seconds.
  path: Assets/TileGrid/GridArt_11.asset
  artifactKey: Guid(ae092340a164db14ea5ba8513bc999f4) Importer(815301076,1909f56bfc062723c751e8b465ee728b)
Start importing Assets/TileGrid/GridArt_11.asset using Guid(ae092340a164db14ea5ba8513bc999f4) Importer(815301076,1909f56bfc062723c751e8b465ee728b)  -> (artifact id: 'a0a518f873eff09a55a20de0fa44e731') in 0.012910 seconds
Number of updated asset objects reloaded before import = 0
Number of asset objects unloaded after import = 3
========================================================================
Received Import Request.
  Time since last request: 0.000021 seconds.
  path: Assets/TileGrid/GridArt_13.asset
  artifactKey: Guid(4d153aa27f4917644b9f1ed50ceb92c4) Importer(815301076,1909f56bfc062723c751e8b465ee728b)
Start importing Assets/TileGrid/GridArt_13.asset using Guid(4d153aa27f4917644b9f1ed50ceb92c4) Importer(815301076,1909f56bfc062723c751e8b465ee728b)  -> (artifact id: 'ef0cfd33e5f702790b817c51cc1e3fa5') in 0.013574 seconds
Number of updated asset objects reloaded before import = 0
Number of asset objects unloaded after import = 3
========================================================================
Received Import Request.
  Time since last request: 0.000026 seconds.
  path: Assets/TileGrid/GridArt_9.asset
  artifactKey: Guid(4ec1a0ed72a218e44a781e92f63aac54) Importer(815301076,1909f56bfc062723c751e8b465ee728b)
Start importing Assets/TileGrid/GridArt_9.asset using Guid(4ec1a0ed72a218e44a781e92f63aac54) Importer(815301076,1909f56bfc062723c751e8b465ee728b)  -> (artifact id: 'd949c47be19d115a7f8fdfc2ad3c8dc4') in 0.013257 seconds
Number of updated asset objects reloaded before import = 0
Number of asset objects unloaded after import = 3
========================================================================
Received Import Request.
  Time since last request: 0.000019 seconds.
  path: Assets/TileGrid/GridArt_10.asset
  artifactKey: Guid(eaa28d55b2395a44dbdb3b3df8028c0d) Importer(815301076,1909f56bfc062723c751e8b465ee728b)
Start importing Assets/TileGrid/GridArt_10.asset using Guid(eaa28d55b2395a44dbdb3b3df8028c0d) Importer(815301076,1909f56bfc062723c751e8b465ee728b)  -> (artifact id: '23b3a16005739f3f6d13b1ded947e4a7') in 0.012246 seconds
Number of updated asset objects reloaded before import = 0
Number of asset objects unloaded after import = 3
========================================================================
Received Import Request.
  Time since last request: 0.000022 seconds.
  path: Assets/TileGrid/GridArt_3.asset
  artifactKey: Guid(1f04e25276fdad440b3541575aab543b) Importer(815301076,1909f56bfc062723c751e8b465ee728b)
Start importing Assets/TileGrid/GridArt_3.asset using Guid(1f04e25276fdad440b3541575aab543b) Importer(815301076,1909f56bfc062723c751e8b465ee728b)  -> (artifact id: '00e09eef145147592bc853005813aad7') in 0.024767 seconds
Number of updated asset objects reloaded before import = 0
Number of asset objects unloaded after import = 3
========================================================================
Received Import Request.
  Time since last request: 0.000021 seconds.
  path: Assets/TileGrid/GridPalette.prefab
  artifactKey: Guid(9753e37a17c74e842a11d58d6117944c) Importer(815301076,1909f56bfc062723c751e8b465ee728b)
Start importing Assets/TileGrid/GridPalette.prefab using Guid(9753e37a17c74e842a11d58d6117944c) Importer(815301076,1909f56bfc062723c751e8b465ee728b)  -> (artifact id: 'd3ef66505f5021be7330fcccb8ac0b90') in 0.247457 seconds
Number of updated asset objects reloaded before import = 0
Number of asset objects unloaded after import = 58
========================================================================
Received Import Request.
  Time since last request: 979.358865 seconds.
  path: Assets/TileGrid/GridPalette.prefab
  artifactKey: Guid(9753e37a17c74e842a11d58d6117944c) Importer(815301076,1909f56bfc062723c751e8b465ee728b)
Start importing Assets/TileGrid/GridPalette.prefab using Guid(9753e37a17c74e842a11d58d6117944c) Importer(815301076,1909f56bfc062723c751e8b465ee728b)  -> (artifact id: '8ff685ad0f5edf8c82152c3c73bc3122') in 0.016332 seconds
Number of updated asset objects reloaded before import = 0
Number of asset objects unloaded after import = 40
========================================================================
Received Import Request.
  Time since last request: 38.602515 seconds.
  path: Assets/TileGrid/GridPalette.prefab
  artifactKey: Guid(9753e37a17c74e842a11d58d6117944c) Importer(815301076,1909f56bfc062723c751e8b465ee728b)
Start importing Assets/TileGrid/GridPalette.prefab using Guid(9753e37a17c74e842a11d58d6117944c) Importer(815301076,1909f56bfc062723c751e8b465ee728b)  -> (artifact id: '9d634800e2b8da015d5111e427b3fa73') in 0.020964 seconds
Number of updated asset objects reloaded before import = 0
Number of asset objects unloaded after import = 40
========================================================================
Received Import Request.
  Time since last request: 19.559630 seconds.
  path: Assets/TileGrid/debugTiles/GridArt_1.asset
  artifactKey: Guid(d391ba2d09841974d86d4e6bfb1a1fcd) Importer(815301076,1909f56bfc062723c751e8b465ee728b)
Start importing Assets/TileGrid/debugTiles/GridArt_1.asset using Guid(d391ba2d09841974d86d4e6bfb1a1fcd) Importer(815301076,1909f56bfc062723c751e8b465ee728b)  -> (artifact id: 'e72d7bf5c0ea39f09b26d4a54a133c25') in 0.013586 seconds
Number of updated asset objects reloaded before import = 0
Number of asset objects unloaded after import = 3
========================================================================
Received Import Request.
  Time since last request: 0.000026 seconds.
  path: Assets/TileGrid/debugTiles/GridArt_5.asset
  artifactKey: Guid(60e276ca33345424d8b4145fed820d70) Importer(815301076,1909f56bfc062723c751e8b465ee728b)
Start importing Assets/TileGrid/debugTiles/GridArt_5.asset using Guid(60e276ca33345424d8b4145fed820d70) Importer(815301076,1909f56bfc062723c751e8b465ee728b)  -> (artifact id: 'b8d2da5fb9f9387a123e522971c9efc0') in 0.009111 seconds
Number of updated asset objects reloaded before import = 0
Number of asset objects unloaded after import = 3
========================================================================
Received Import Request.
  Time since last request: 0.000020 seconds.
  path: Assets/TileGrid/debugTiles/GridArt_11.asset
  artifactKey: Guid(ae092340a164db14ea5ba8513bc999f4) Importer(815301076,1909f56bfc062723c751e8b465ee728b)
Start importing Assets/TileGrid/debugTiles/GridArt_11.asset using Guid(ae092340a164db14ea5ba8513bc999f4) Importer(815301076,1909f56bfc062723c751e8b465ee728b)  -> (artifact id: '7e8776c0d67e3773d8a797ddd0fe9430') in 0.008800 seconds
Number of updated asset objects reloaded before import = 0
Number of asset objects unloaded after import = 3
========================================================================
Received Import Request.
  Time since last request: 0.000027 seconds.
  path: Assets/TileGrid/debugTiles/GridArt_13.asset
  artifactKey: Guid(4d153aa27f4917644b9f1ed50ceb92c4) Importer(815301076,1909f56bfc062723c751e8b465ee728b)
Start importing Assets/TileGrid/debugTiles/GridArt_13.asset using Guid(4d153aa27f4917644b9f1ed50ceb92c4) Importer(815301076,1909f56bfc062723c751e8b465ee728b)  -> (artifact id: '788cc65c1b9508ff5b6488869bcd65c4') in 0.013390 seconds
Number of updated asset objects reloaded before import = 0
Number of asset objects unloaded after import = 3
========================================================================
Received Import Request.
  Time since last request: 0.000033 seconds.
  path: Assets/TileGrid/debugTiles/GridArt_7.asset
  artifactKey: Guid(7248c0c2c226ffd45b2350e03f253f4b) Importer(815301076,1909f56bfc062723c751e8b465ee728b)
Start importing Assets/TileGrid/debugTiles/GridArt_7.asset using Guid(7248c0c2c226ffd45b2350e03f253f4b) Importer(815301076,1909f56bfc062723c751e8b465ee728b)  -> (artifact id: '2120694ce073ea5434d5c60d6ef61486') in 0.006593 seconds
Number of updated asset objects reloaded before import = 0
Number of asset objects unloaded after import = 3
========================================================================
Received Import Request.
  Time since last request: 0.000029 seconds.
  path: Assets/TileGrid/debugTiles/GridArt_10.asset
  artifactKey: Guid(eaa28d55b2395a44dbdb3b3df8028c0d) Importer(815301076,1909f56bfc062723c751e8b465ee728b)
Start importing Assets/TileGrid/debugTiles/GridArt_10.asset using Guid(eaa28d55b2395a44dbdb3b3df8028c0d) Importer(815301076,1909f56bfc062723c751e8b465ee728b)  -> (artifact id: '8bea48269d2096e2fb20da117e39780f') in 0.007644 seconds
Number of updated asset objects reloaded before import = 0
Number of asset objects unloaded after import = 3
========================================================================
Received Import Request.
  Time since last request: 0.000026 seconds.
  path: Assets/TileGrid/debugTiles/GridArt_4.asset
  artifactKey: Guid(259262b349583b04fbdec3826f366da4) Importer(815301076,1909f56bfc062723c751e8b465ee728b)
Start importing Assets/TileGrid/debugTiles/GridArt_4.asset using Guid(259262b349583b04fbdec3826f366da4) Importer(815301076,1909f56bfc062723c751e8b465ee728b)  -> (artifact id: '2c33e170d9fb26ec758d02cb7777040a') in 0.010047 seconds
Number of updated asset objects reloaded before import = 0
Number of asset objects unloaded after import = 3
========================================================================
Received Import Request.
  Time since last request: 53.492994 seconds.
  path: Assets/TileGrid/debugTiles/GridArt_15.asset
  artifactKey: Guid(6939401df277fb24ab5575b4425f9aab) Importer(815301076,1909f56bfc062723c751e8b465ee728b)
Start importing Assets/TileGrid/debugTiles/GridArt_15.asset using Guid(6939401df277fb24ab5575b4425f9aab) Importer(815301076,1909f56bfc062723c751e8b465ee728b)  -> (artifact id: 'c268ca67148570f5a0479a42ce10f8a4') in 0.010385 seconds
Number of updated asset objects reloaded before import = 0
Number of asset objects unloaded after import = 3
========================================================================
Received Import Request.
  Time since last request: 0.000021 seconds.
  path: Assets/TileGrid/debugTiles/GridArt_20.asset
  artifactKey: Guid(18d1f9c22eed1a343ac3423628f8b29b) Importer(815301076,1909f56bfc062723c751e8b465ee728b)
Start importing Assets/TileGrid/debugTiles/GridArt_20.asset using Guid(18d1f9c22eed1a343ac3423628f8b29b) Importer(815301076,1909f56bfc062723c751e8b465ee728b)  -> (artifact id: 'fb0e269fe09a8a66a5fcb7dd1d0418d6') in 0.011264 seconds
Number of updated asset objects reloaded before import = 0
Number of asset objects unloaded after import = 3
========================================================================
Received Import Request.
  Time since last request: 0.000019 seconds.
  path: Assets/TileGrid/debugTiles/GridArt_19.asset
  artifactKey: Guid(70c0bb9e50d191443a97d52d09ecec4e) Importer(815301076,1909f56bfc062723c751e8b465ee728b)
Start importing Assets/TileGrid/debugTiles/GridArt_19.asset using Guid(70c0bb9e50d191443a97d52d09ecec4e) Importer(815301076,1909f56bfc062723c751e8b465ee728b)  -> (artifact id: '6c5556561a1552ccbf4162767d36f3e9') in 0.011968 seconds
Number of updated asset objects reloaded before import = 0
Number of asset objects unloaded after import = 3
Editor requested this worker to shutdown with reason: Scaling down because of idle timeout
TcpMessagingSession - receive error: operation aborted. errorcode: 995, details: The I/O operation has been aborted because of either a thread exit or an application request.
AssetImportWorker is now disconnected from the server
Process exiting
Exiting without the bug reporter. Application will terminate with return code 0